<?xml version="1.0" encoding="UTF-8"?>
<testng-results skipped="0" failed="0" ignored="0" total="2" passed="2">
  <reporter-output>
  </reporter-output>
  <suite name="Suite" duration-ms="43206" started-at="2021-07-06T12:18:44Z" finished-at="2021-07-06T12:19:27Z">
    <groups>
    </groups>
    <test name="Test" duration-ms="43206" started-at="2021-07-06T12:18:44Z" finished-at="2021-07-06T12:19:27Z">
      <class name="com.projeectName.testcases.LoginPageTest">
        <test-method status="PASS" signature="setUp()[pri:0, instance:com.projeectName.testcases.LoginPageTest@1bce4f0a]" name="setUp" is-config="true" duration-ms="18559" started-at="2021-07-06T17:48:44Z" finished-at="2021-07-06T17:49:02Z">
          <reporter-output>
          </reporter-output>
        </test-method> <!-- setUp -->
        <test-method status="PASS" signature="loginPageTitleTest()[pri:0, instance:com.projeectName.testcases.LoginPageTest@1bce4f0a]" name="loginPageTitleTest" duration-ms="13" started-at="2021-07-06T17:49:02Z" finished-at="2021-07-06T17:49:02Z">
          <reporter-output>
          </reporter-output>
        </test-method> <!-- loginPageTitleTest -->
        <test-method status="PASS" signature="tearDown()[pri:0, instance:com.projeectName.testcases.LoginPageTest@1bce4f0a]" name="tearDown" is-config="true" duration-ms="1157" started-at="2021-07-06T17:49:02Z" finished-at="2021-07-06T17:49:04Z">
          <reporter-output>
          </reporter-output>
        </test-method> <!-- tearDown -->
        <test-method status="PASS" signature="setUp()[pri:0, instance:com.projeectName.testcases.LoginPageTest@1bce4f0a]" name="setUp" is-config="true" duration-ms="17324" started-at="2021-07-06T17:49:04Z" finished-at="2021-07-06T17:49:21Z">
          <reporter-output>
          </reporter-output>
        </test-method> <!-- setUp -->
        <test-method status="PASS" signature="loginTest()[pri:1, instance:com.projeectName.testcases.LoginPageTest@1bce4f0a]" name="loginTest" duration-ms="4966" started-at="2021-07-06T17:49:21Z" finished-at="2021-07-06T17:49:26Z">
          <reporter-output>
          </reporter-output>
        </test-method> <!-- loginTest -->
        <test-method status="PASS" signature="tearDown()[pri:0, instance:com.projeectName.testcases.LoginPageTest@1bce4f0a]" name="tearDown" is-config="true" duration-ms="1163" started-at="2021-07-06T17:49:26Z" finished-at="2021-07-06T17:49:27Z">
          <reporter-output>
          </reporter-output>
        </test-method> <!-- tearDown -->
      </class> <!-- com.projeectName.testcases.LoginPageTest -->
    </test> <!-- Test -->
  </suite> <!-- Suite -->
</testng-results>
