<?xml version="1.0" encoding="UTF-8"?>
<!-- Generated by org.testng.reporters.JUnitXMLReporter -->
<testsuite hostname="Vishalmi-w10" ignored="0" name="Command line test" tests="2" failures="1" timestamp="2021-07-06T15:48:44 IST" time="41.22" errors="0">
  <testcase name="loginPageTitleTest" time="0.009" classname="com.projeectName.testcases.LoginPageTest"/>
  <testcase name="loginTest" time="3.431" classname="com.projeectName.testcases.LoginPageTest">
    <failure type="java.lang.AssertionError" message="expected [true] but found [false]">
      <![CDATA[java.lang.AssertionError: expected [true] but found [false]
at com.projeectName.testcases.LoginPageTest.loginTest(LoginPageTest.java:36)
at java.util.ArrayList.forEach(ArrayList.java:1259)
... Removed 42 stack frames]]>
    </failure>
  </testcase> <!-- loginTest -->
</testsuite> <!-- Command line test -->
